9/4/2019 12:46:04 PM, Info: Initializing SIMPLSharp Services...
9/4/2019 12:46:04 PM, Info: ProjectInfo successfully initialized.
9/4/2019 12:46:25 PM, Info: Saving project information...
9/4/2019 12:46:25 PM, Info: Saving project information...
9/4/2019 12:46:25 PM, Info: Saving project information...
9/4/2019 12:46:25 PM, Info: Saving project information...
9/4/2019 12:46:25 PM, Info: Saving project information...
9/4/2019 12:46:25 PM, Info: Saving project information...
9/4/2019 12:46:27 PM, Info: Validating assembly C:\Users\JTA\Documents\Stash Folder\Frameworks\PanasonicDisplays.EPI\PDT.EssentialsPluginTemplate.EPI\bin\Debug\PDT.PanasonicDisplay.EPI.dll...
9/4/2019 12:46:28 PM, Info: Verifying assembly C:\Users\JTA\Documents\Stash Folder\Frameworks\PanasonicDisplays.EPI\PDT.EssentialsPluginTemplate.EPI\bin\Debug\PDT.PanasonicDisplay.EPI.dll
9/4/2019 12:46:28 PM, Info: Creating Archive C:\Users\JTA\Documents\Stash Folder\Frameworks\PanasonicDisplays.EPI\PDT.EssentialsPluginTemplate.EPI\bin\Debug\PDT.PanasonicDisplay.EPI.cplz...
9/4/2019 12:46:29 PM, Info: Saving project information...
9/4/2019 12:54:27 PM, Info: Validating assembly C:\Users\JTA\Documents\Stash Folder\Frameworks\PanasonicDisplays.EPI\PDT.EssentialsPluginTemplate.EPI\bin\Debug\PDT.PanasonicDisplay.EPI.dll...
9/4/2019 12:54:27 PM, Info: Verifying assembly C:\Users\JTA\Documents\Stash Folder\Frameworks\PanasonicDisplays.EPI\PDT.EssentialsPluginTemplate.EPI\bin\Debug\PDT.PanasonicDisplay.EPI.dll
9/4/2019 12:54:27 PM, Info: Creating Archive C:\Users\JTA\Documents\Stash Folder\Frameworks\PanasonicDisplays.EPI\PDT.EssentialsPluginTemplate.EPI\bin\Debug\PDT.PanasonicDisplay.EPI.cplz...
9/4/2019 12:54:28 PM, Info: Saving project information...
9/4/2019 1:47:12 PM, Info: Saving project information...
9/4/2019 1:47:12 PM, Info: Saving project information...
9/4/2019 1:47:12 PM, Info: Saving project information...
9/4/2019 1:52:12 PM, Info: Saving project information...
9/4/2019 1:52:12 PM, Info: Saving project information...
9/4/2019 1:52:12 PM, Info: Saving project information...
9/4/2019 1:57:12 PM, Info: Saving project information...
9/4/2019 1:57:12 PM, Info: Saving project information...
9/4/2019 1:57:12 PM, Info: Saving project information...
9/4/2019 1:57:16 PM, Info: Saving project information...
9/4/2019 1:57:16 PM, Info: Saving project information...
9/4/2019 1:57:16 PM, Info: Saving project information...
9/4/2019 1:57:16 PM, Info: Saving project information...
9/4/2019 1:57:16 PM, Info: Saving project information...
9/4/2019 1:57:16 PM, Info: Saving project information...
9/4/2019 1:57:18 PM, Info: Validating assembly C:\Users\JTA\Documents\Stash Folder\Frameworks\PanasonicDisplays.EPI\PDT.EssentialsPluginTemplate.EPI\bin\Debug\PDT.PanasonicDisplay.EPI.dll...
9/4/2019 1:57:18 PM, Info: Verifying assembly C:\Users\JTA\Documents\Stash Folder\Frameworks\PanasonicDisplays.EPI\PDT.EssentialsPluginTemplate.EPI\bin\Debug\PDT.PanasonicDisplay.EPI.dll
9/4/2019 1:57:18 PM, Info: Creating Archive C:\Users\JTA\Documents\Stash Folder\Frameworks\PanasonicDisplays.EPI\PDT.EssentialsPluginTemplate.EPI\bin\Debug\PDT.PanasonicDisplay.EPI.cplz...
9/4/2019 1:57:19 PM, Info: Saving project information...
9/4/2019 3:33:04 PM, Info: Validating assembly C:\Users\JTA\Documents\Stash Folder\Frameworks\PanasonicDisplays.EPI\PDT.EssentialsPluginTemplate.EPI\bin\Debug\PDT.PanasonicDisplay.EPI.dll...
9/4/2019 3:33:05 PM, Info: Verifying assembly C:\Users\JTA\Documents\Stash Folder\Frameworks\PanasonicDisplays.EPI\PDT.EssentialsPluginTemplate.EPI\bin\Debug\PDT.PanasonicDisplay.EPI.dll
9/4/2019 3:33:05 PM, Info: Creating Archive C:\Users\JTA\Documents\Stash Folder\Frameworks\PanasonicDisplays.EPI\PDT.EssentialsPluginTemplate.EPI\bin\Debug\PDT.PanasonicDisplay.EPI.cplz...
9/4/2019 3:33:06 PM, Info: Saving project information...
9/4/2019 5:27:54 PM, Info: Validating assembly C:\Users\JTA\Documents\Stash Folder\Frameworks\PanasonicDisplays.EPI\PDT.EssentialsPluginTemplate.EPI\bin\Debug\PDT.PanasonicDisplay.EPI.dll...
9/4/2019 5:27:55 PM, Info: Verifying assembly C:\Users\JTA\Documents\Stash Folder\Frameworks\PanasonicDisplays.EPI\PDT.EssentialsPluginTemplate.EPI\bin\Debug\PDT.PanasonicDisplay.EPI.dll
9/4/2019 5:27:55 PM, Info: Creating Archive C:\Users\JTA\Documents\Stash Folder\Frameworks\PanasonicDisplays.EPI\PDT.EssentialsPluginTemplate.EPI\bin\Debug\PDT.PanasonicDisplay.EPI.cplz...
9/4/2019 5:27:56 PM, Info: Saving project information...
9/4/2019 5:28:09 PM, Info: Validating assembly C:\Users\JTA\Documents\Stash Folder\Frameworks\PanasonicDisplays.EPI\PDT.EssentialsPluginTemplate.EPI\bin\Debug\PDT.PanasonicDisplay.EPI.dll...
9/4/2019 5:28:09 PM, Info: Verifying assembly C:\Users\JTA\Documents\Stash Folder\Frameworks\PanasonicDisplays.EPI\PDT.EssentialsPluginTemplate.EPI\bin\Debug\PDT.PanasonicDisplay.EPI.dll
9/4/2019 5:28:09 PM, Info: Creating Archive C:\Users\JTA\Documents\Stash Folder\Frameworks\PanasonicDisplays.EPI\PDT.EssentialsPluginTemplate.EPI\bin\Debug\PDT.PanasonicDisplay.EPI.cplz...
9/4/2019 5:28:10 PM, Info: Saving project information...
9/4/2019 5:37:05 PM, Info: Validating assembly C:\Users\JTA\Documents\Stash Folder\Frameworks\PanasonicDisplays.EPI\PDT.EssentialsPluginTemplate.EPI\bin\Debug\PDT.PanasonicDisplay.EPI.dll...
9/4/2019 5:37:06 PM, Info: Verifying assembly C:\Users\JTA\Documents\Stash Folder\Frameworks\PanasonicDisplays.EPI\PDT.EssentialsPluginTemplate.EPI\bin\Debug\PDT.PanasonicDisplay.EPI.dll
9/4/2019 5:37:06 PM, Info: Creating Archive C:\Users\JTA\Documents\Stash Folder\Frameworks\PanasonicDisplays.EPI\PDT.EssentialsPluginTemplate.EPI\bin\Debug\PDT.PanasonicDisplay.EPI.cplz...
9/4/2019 5:37:06 PM, Info: Saving project information...
9/4/2019 5:39:50 PM, Info: Validating assembly C:\Users\JTA\Documents\Stash Folder\Frameworks\PanasonicDisplays.EPI\PDT.EssentialsPluginTemplate.EPI\bin\Debug\PDT.PanasonicDisplay.EPI.dll...
9/4/2019 5:39:50 PM, Info: Verifying assembly C:\Users\JTA\Documents\Stash Folder\Frameworks\PanasonicDisplays.EPI\PDT.EssentialsPluginTemplate.EPI\bin\Debug\PDT.PanasonicDisplay.EPI.dll
9/4/2019 5:39:51 PM, Info: Creating Archive C:\Users\JTA\Documents\Stash Folder\Frameworks\PanasonicDisplays.EPI\PDT.EssentialsPluginTemplate.EPI\bin\Debug\PDT.PanasonicDisplay.EPI.cplz...
9/4/2019 5:39:51 PM, Info: Saving project information...
9/4/2019 6:13:47 PM, Info: Initializing SIMPLSharp Services...
9/4/2019 6:13:47 PM, Info: ProjectInfo successfully initialized.
9/4/2019 6:13:58 PM, Info: Terminating SIMPLSharp Services
9/4/2019 6:13:58 PM, Info: Saving project information...
9/4/2019 6:13:58 PM, Info: Terminating SIMPLSharp Services
